<?xml version="1.0" encoding="UTF-8"?>
<!-- Generated by org.testng.reporters.JUnitReportReporter -->
<testsuite hostname="DESKTOP-O1AV93M" failures="0" tests="1" name="com.Http.Clientdemo.FindPostMethod" time="2.904" errors="0" timestamp="2021-07-05T15:38:03 IST" skipped="0">
  <testcase classname="com.Http.Clientdemo.FindPostMethod" name="get" time="2.904"/>
  <system-out/>
</testsuite> <!-- com.Http.Clientdemo.FindPostMethod -->
