<?xml version="1.0" encoding="UTF-8"?>
<!-- Generated by org.testng.reporters.JUnitReportReporter -->
<testsuite hostname="DESKTOP-O1AV93M" failures="0" tests="1" name="com.Http.Clientdemo.FindPutMethod" time="14.548" errors="0" timestamp="2021-07-06T10:16:10 IST" skipped="0">
  <testcase classname="com.Http.Clientdemo.FindPutMethod" name="put" time="14.548"/>
  <system-out/>
</testsuite> <!-- com.Http.Clientdemo.FindPutMethod -->
