<?xml version="1.0" encoding="UTF-8"?>
<!-- Generated by org.testng.reporters.JUnitReportReporter -->
<testsuite hostname="DESKTOP-O1AV93M" failures="0" tests="1" name="com.Http.Clientdemo.TC_005_DeleteMethod" time="2.603" errors="0" timestamp="2021-07-06T11:52:32 IST" skipped="0">
  <testcase classname="com.Http.Clientdemo.TC_005_DeleteMethod" name="delete" time="2.603"/>
  <system-out/>
</testsuite> <!-- com.Http.Clientdemo.TC_005_DeleteMethod -->
