<?xml version="1.0" encoding="UTF-8"?>
<!-- Generated by org.testng.reporters.JUnitReportReporter -->
<testsuite hostname="DESKTOP-O1AV93M" failures="0" tests="1" name="com.Http.Clientdemo.TC_001_PetStatusGet" time="5.338" errors="0" timestamp="2021-07-06T11:24:42 IST" skipped="0">
  <testcase classname="com.Http.Clientdemo.TC_001_PetStatusGet" name="get" time="5.338"/>
  <system-out/>
</testsuite> <!-- com.Http.Clientdemo.TC_001_PetStatusGet -->
