<?xml version="1.0" encoding="UTF-8"?>
<!-- Generated by org.testng.reporters.JUnitReportReporter -->
<testsuite hostname="DESKTOP-O1AV93M" failures="0" tests="1" name="com.Http.Clientdemo.FindDeleteMethod" time="2.775" errors="0" timestamp="2021-07-05T15:20:44 IST" skipped="0">
  <testcase classname="com.Http.Clientdemo.FindDeleteMethod" name="delete" time="2.775"/>
  <system-out/>
</testsuite> <!-- com.Http.Clientdemo.FindDeleteMethod -->
