<?xml version="1.0" encoding="UTF-8"?>
<!-- Generated by org.testng.reporters.JUnitReportReporter -->
<testsuite hostname="DESKTOP-O1AV93M" failures="0" tests="1" name="com.Http.Clientdemo.TC_004_PutMethod" time="3.421" errors="0" timestamp="2021-07-06T12:02:02 IST" skipped="0">
  <testcase classname="com.Http.Clientdemo.TC_004_PutMethod" name="put" time="3.421"/>
  <system-out/>
</testsuite> <!-- com.Http.Clientdemo.TC_004_PutMethod -->
