<?xml version="1.0" encoding="UTF-8"?>
<!-- Generated by org.testng.reporters.JUnitReportReporter -->
<testsuite hostname="DESKTOP-O1AV93M" failures="0" tests="1" name="com.Http.Clientdemo.PetStatusGet" time="5.445" errors="0" timestamp="2021-07-06T09:55:55 IST" skipped="0">
  <testcase classname="com.Http.Clientdemo.PetStatusGet" name="get" time="5.445"/>
  <system-out/>
</testsuite> <!-- com.Http.Clientdemo.PetStatusGet -->
