<?xml version="1.0" encoding="UTF-8"?>
<!-- Generated by org.testng.reporters.JUnitReportReporter -->
<testsuite hostname="DESKTOP-O1AV93M" failures="0" tests="1" name="com.Http.Clientdemo.FindGetMethod" time="22.768" errors="0" timestamp="2021-07-06T10:13:38 IST" skipped="0">
  <testcase classname="com.Http.Clientdemo.FindGetMethod" name="get" time="22.768"/>
  <system-out/>
</testsuite> <!-- com.Http.Clientdemo.FindGetMethod -->
