<?xml version="1.0" encoding="UTF-8"?>
<!-- Generated by org.testng.reporters.JUnitReportReporter -->
<testsuite hostname="DESKTOP-O1AV93M" failures="0" tests="1" name="com.Http.Clientdemo.TC__002_PostMethod" time="2.996" errors="0" timestamp="2021-07-06T11:54:05 IST" skipped="0">
  <testcase classname="com.Http.Clientdemo.TC__002_PostMethod" name="get" time="2.996"/>
  <system-out/>
</testsuite> <!-- com.Http.Clientdemo.TC__002_PostMethod -->
